<?xml version="1.0" encoding="UTF-8"?>
<testng-results ignored="0" total="1" passed="1" failed="0" skipped="0">
  <reporter-output>
  </reporter-output>
  <suite started-at="2023-08-24T18:46:39 IST" name="Default suite" finished-at="2023-08-24T18:47:50 IST" duration-ms="70855">
    <groups>
    </groups>
    <test started-at="2023-08-24T18:46:39 IST" name="Default test" finished-at="2023-08-24T18:47:50 IST" duration-ms="70855">
      <class name="ExecutingTest.NykaaShoppingAutomation">
        <test-method is-config="true" signature="LaunchApplication()[pri:0, instance:ExecutingTest.NykaaShoppingAutomation@793f29ff]" started-at="2023-08-24T18:46:39 IST" name="LaunchApplication" finished-at="2023-08-24T18:46:44 IST" duration-ms="4724" status="PASS">
          <reporter-output>
          </reporter-output>
        </test-method> <!-- LaunchApplication -->
        <test-method signature="NykaShopping()[pri:0, instance:ExecutingTest.NykaaShoppingAutomation@793f29ff]" started-at="2023-08-24T18:46:44 IST" name="NykaShopping" finished-at="2023-08-24T18:47:50 IST" duration-ms="65951" status="PASS">
          <reporter-output>
          </reporter-output>
        </test-method> <!-- NykaShopping -->
        <test-method is-config="true" signature="tearDown()[pri:0, instance:ExecutingTest.NykaaShoppingAutomation@793f29ff]" started-at="2023-08-24T18:47:50 IST" name="tearDown" finished-at="2023-08-24T18:47:50 IST" duration-ms="98" status="PASS">
          <reporter-output>
          </reporter-output>
        </test-method> <!-- tearDown -->
      </class> <!-- ExecutingTest.NykaaShoppingAutomation -->
    </test> <!-- Default test -->
  </suite> <!-- Default suite -->
</testng-results>
